App/build/intermediates/manifest_merge_blame_file/debug/manifest-merger-blame-debug-report.txt
1<?xml version="1.0" encoding="utf-8"?>
2<manifest xmlns:android="http://schemas.android.com/apk/res/android"
3    package="com.vatsal.android.digitaldetox"
4    android:versionCode="1"
5    android:versionName="1.0" >
6
7    <uses-sdk
8        android:minSdkVersion="21"
8-->src\main\AndroidManifest.xml
9        android:targetSdkVersion="30" />
9-->src\main\AndroidManifest.xml
10
11    <uses-permission android:name="android.permission.PACKAGE_USAGE_STATS" />
11-->src\main\AndroidManifest.xml:8:5-10:47
11-->src\main\AndroidManifest.xml:9:9-62
12    <uses-permission android:name="android.permission.RECEIVE_BOOT_COMPLETED" />
12-->src\main\AndroidManifest.xml:11:5-81
12-->src\main\AndroidManifest.xml:11:22-78
13
14    <application
14-->src\main\AndroidManifest.xml:13:5-63:19
15        android:name="com.vatsal.android.digitaldetox.utils.MyApplication"
15-->src\main\AndroidManifest.xml:14:9-44
16        android:allowBackup="true"
16-->src\main\AndroidManifest.xml:15:9-35
17        android:appComponentFactory="android.support.v4.app.CoreComponentFactory"
17-->[com.android.support:support-compat:28.0.0] AndroidManifest.xml:22:18-91
18        android:debuggable="true"
19        android:icon="@drawable/ic_launcher"
19-->src\main\AndroidManifest.xml:16:9-45
20        android:label="@string/app_name"
20-->src\main\AndroidManifest.xml:17:9-41
21        android:testOnly="true"
22        android:theme="@style/Theme.AppCompat.Light" >
22-->src\main\AndroidManifest.xml:18:9-53
23        <activity android:name="com.vatsal.android.digitaldetox.activities.stopwatch" />
23-->src\main\AndroidManifest.xml:20:9-67
23-->src\main\AndroidManifest.xml:20:19-55
24        <activity
24-->src\main\AndroidManifest.xml:21:9-24:47
25            android:name="com.vatsal.android.digitaldetox.activities.AppUsageStatisticsActivity"
25-->src\main\AndroidManifest.xml:22:13-66
26            android:label="@string/app_name"
26-->src\main\AndroidManifest.xml:23:13-45
27            android:theme="@style/AppTheme" />
27-->src\main\AndroidManifest.xml:24:13-44
28        <activity android:name="com.vatsal.android.digitaldetox.activities.stepcounter" />
28-->src\main\AndroidManifest.xml:25:9-60
28-->src\main\AndroidManifest.xml:25:19-57
29        <activity android:name="com.vatsal.android.digitaldetox.splash.splashscreen" >
29-->src\main\AndroidManifest.xml:26:9-32:20
29-->src\main\AndroidManifest.xml:26:19-54
30            <intent-filter>
30-->src\main\AndroidManifest.xml:27:13-31:29
31                <action android:name="android.intent.action.MAIN" />
31-->src\main\AndroidManifest.xml:28:17-69
31-->src\main\AndroidManifest.xml:28:25-66
32
33                <category android:name="android.intent.category.LAUNCHER" />
33-->src\main\AndroidManifest.xml:30:17-77
33-->src\main\AndroidManifest.xml:30:27-74
34            </intent-filter>
35        </activity>
36        <activity
36-->src\main\AndroidManifest.xml:33:9-35:59
37            android:name="com.vatsal.android.digitaldetox.activities.NotificationActivity"
37-->src\main\AndroidManifest.xml:34:13-60
38            android:theme="@style/AppTheme.NoActionBar" />
38-->src\main\AndroidManifest.xml:35:13-56
39        <activity
39-->src\main\AndroidManifest.xml:36:9-39:59
40            android:name="com.vatsal.android.digitaldetox.activities.OptionsActivity"
40-->src\main\AndroidManifest.xml:37:13-55
41            android:label="options"
41-->src\main\AndroidManifest.xml:38:13-36
42            android:theme="@style/AppTheme.NoActionBar" />
42-->src\main\AndroidManifest.xml:39:13-56
43
44        <receiver
44-->src\main\AndroidManifest.xml:41:9-52:20
45            android:name="com.vatsal.android.digitaldetox.receiver.MonitorBootReceiver"
45-->src\main\AndroidManifest.xml:42:13-57
46            android:enabled="true"
46-->src\main\AndroidManifest.xml:43:13-35
47            android:exported="true"
47-->src\main\AndroidManifest.xml:44:13-36
48            android:permission="android.permission.RECEIVE_BOOT_COMPLETED" >
48-->src\main\AndroidManifest.xml:45:13-75
49            <intent-filter>
49-->src\main\AndroidManifest.xml:46:13-51:29
50                <action android:name="android.intent.action.BOOT_COMPLETED" />
50-->src\main\AndroidManifest.xml:47:17-79
50-->src\main\AndroidManifest.xml:47:25-76
51                <action android:name="android.intent.action.QUICKBOOT_POWERON" />
51-->src\main\AndroidManifest.xml:48:17-82
51-->src\main\AndroidManifest.xml:48:25-79
52
53                <category android:name="android.intent.category.DEFAULT" />
53-->src\main\AndroidManifest.xml:50:17-76
53-->src\main\AndroidManifest.xml:50:27-73
54            </intent-filter>
55        </receiver>
56
57        <service android:name="com.vatsal.android.digitaldetox.services.Monitor" />
57-->src\main\AndroidManifest.xml:54:9-53
57-->src\main\AndroidManifest.xml:54:18-50
58        <service android:name="com.vatsal.android.digitaldetox.services.NotificationService" />
58-->src\main\AndroidManifest.xml:55:9-65
58-->src\main\AndroidManifest.xml:55:18-62
59        <service android:name="com.vatsal.android.digitaldetox.services.PopulateDatabaseService" />
59-->src\main\AndroidManifest.xml:56:9-69
59-->src\main\AndroidManifest.xml:56:18-66
60
61        <receiver android:name="com.vatsal.android.digitaldetox.receiver.BootCompletedReceiver" >
61-->src\main\AndroidManifest.xml:58:9-62:20
61-->src\main\AndroidManifest.xml:58:19-65
62            <intent-filter>
62-->src\main\AndroidManifest.xml:59:13-61:29
63                <action android:name="android.intent.action.BOOT_COMPLETED" />
63-->src\main\AndroidManifest.xml:47:17-79
63-->src\main\AndroidManifest.xml:47:25-76
64            </intent-filter>
65        </receiver>
66
67        <provider
67-->[android.arch.lifecycle:extensions:1.1.1] AndroidManifest.xml:23:9-27:43
68            android:name="android.arch.lifecycle.ProcessLifecycleOwnerInitializer"
68-->[android.arch.lifecycle:extensions:1.1.1] AndroidManifest.xml:24:13-83
69            android:authorities="com.vatsal.android.digitaldetox.lifecycle-trojan"
69-->[android.arch.lifecycle:extensions:1.1.1] AndroidManifest.xml:25:13-68
70            android:exported="false"
70-->[android.arch.lifecycle:extensions:1.1.1] AndroidManifest.xml:26:13-37
71            android:multiprocess="true" />
71-->[android.arch.lifecycle:extensions:1.1.1] AndroidManifest.xml:27:13-40
72    </application>
73
74</manifest>